2026-05-01 11:50:58 | DEBUG    | validators | Symbol validated: BTCUSDT
2026-05-01 11:50:58 | DEBUG    | validators | Side validated: BUY
2026-05-01 11:50:58 | DEBUG    | validators | Order type validated: MARKET
2026-05-01 11:50:58 | DEBUG    | validators | Quantity validated: 0.001
2026-05-01 11:50:58 | DEBUG    | validators | Leverage validated: 20x
2026-05-01 11:50:58 | INFO     | cli | Validated inputs: {'symbol': 'BTCUSDT', 'side': 'BUY', 'order_type': 'MARKET', 'quantity': 0.001, 'leverage': 20}
2026-05-01 11:51:00 | INFO     | client | Binance Futures Testnet client initialized successfully.
2026-05-01 11:51:00 | INFO     | orders | Setting leverage | symbol=BTCUSDT leverage=20x
2026-05-01 11:51:00 | DEBUG    | orders | Leverage response: {'symbol': 'BTCUSDT', 'leverage': 20, 'maxNotionalValue': '20000000'}
2026-05-01 11:51:00 | INFO     | orders | Leverage set to 20x for BTCUSDT
2026-05-01 11:51:00 | INFO     | orders | Placing MARKET order | symbol=BTCUSDT side=BUY qty=0.001
2026-05-01 11:51:01 | DEBUG    | orders | MARKET order raw response: {'orderId': 13096372072, 'symbol': 'BTCUSDT', 'status': 'NEW', 'clientOrderId': 'dJLjNA4HksCWwjguQB0Z7t', 'price': '0.00', 'avgPrice': '0.00', 'origQty': '0.0010', 'executedQty': '0.0000', 'cumQty': '0.0000', 'cumQuote': '0.000000', 'timeInForce': 'GTC', 'type': 'MARKET', 'reduceOnly': False, 'closePosition': False, 'side': 'BUY', 'positionSide': 'BOTH', 'stopPrice': '0.00', 'workingType': 'CONTRACT_PRICE', 'priceProtect': False, 'origType': 'MARKET', 'priceMatch': 'NONE', 'selfTradePreventionMode': 'EXPIRE_MAKER', 'goodTillDate': 0, 'updateTime': 1777636261078}
2026-05-01 11:51:01 | INFO     | cli | Order placed successfully: {'orderId': 13096372072, 'symbol': 'BTCUSDT', 'side': 'BUY', 'type': 'MARKET', 'status': 'NEW', 'executedQty': '0.0000', 'avgPrice': '0.00', 'price': '0.00', 'origQty': '0.0010', 'timeInForce': 'GTC'}
2026-05-01 11:51:01 | INFO     | cli | --------------------------------------------------------------------------------------------------------------------------------------------------------------------------------------------------------
2026-05-01 11:51:04 | DEBUG    | validators | Symbol validated: BTCUSDT
2026-05-01 11:51:04 | DEBUG    | validators | Side validated: BUY
2026-05-01 11:51:04 | DEBUG    | validators | Order type validated: MARKET
2026-05-01 11:51:04 | DEBUG    | validators | Quantity validated: 0.001
2026-05-01 11:51:04 | DEBUG    | validators | Leverage validated: 20x
2026-05-01 11:51:04 | INFO     | cli | Validated inputs: {'symbol': 'BTCUSDT', 'side': 'BUY', 'order_type': 'MARKET', 'quantity': 0.001, 'leverage': 20}
2026-05-01 11:51:06 | INFO     | client | Binance Futures Testnet client initialized successfully.
2026-05-01 11:51:06 | INFO     | orders | Setting leverage | symbol=BTCUSDT leverage=20x
2026-05-01 11:51:06 | DEBUG    | orders | Leverage response: {'symbol': 'BTCUSDT', 'leverage': 20, 'maxNotionalValue': '20000000'}
2026-05-01 11:51:06 | INFO     | orders | Leverage set to 20x for BTCUSDT
2026-05-01 11:51:06 | INFO     | orders | Placing MARKET order | symbol=BTCUSDT side=BUY qty=0.001
2026-05-01 11:51:06 | DEBUG    | orders | MARKET order raw response: {'orderId': 13096372221, 'symbol': 'BTCUSDT', 'status': 'NEW', 'clientOrderId': 'SO6Bch8qvLl1sA4zSIDxnE', 'price': '0.00', 'avgPrice': '0.00', 'origQty': '0.0010', 'executedQty': '0.0000', 'cumQty': '0.0000', 'cumQuote': '0.000000', 'timeInForce': 'GTC', 'type': 'MARKET', 'reduceOnly': False, 'closePosition': False, 'side': 'BUY', 'positionSide': 'BOTH', 'stopPrice': '0.00', 'workingType': 'CONTRACT_PRICE', 'priceProtect': False, 'origType': 'MARKET', 'priceMatch': 'NONE', 'selfTradePreventionMode': 'EXPIRE_MAKER', 'goodTillDate': 0, 'updateTime': 1777636266352}
2026-05-01 11:51:06 | INFO     | cli | Order placed successfully: {'orderId': 13096372221, 'symbol': 'BTCUSDT', 'side': 'BUY', 'type': 'MARKET', 'status': 'NEW', 'executedQty': '0.0000', 'avgPrice': '0.00', 'price': '0.00', 'origQty': '0.0010', 'timeInForce': 'GTC'}
2026-05-01 11:51:06 | INFO     | cli | --------------------------------------------------------------------------------------------------------------------------------------------------------------------------------------------------------
2026-05-01 11:51:18 | DEBUG    | validators | Symbol validated: BTCUSDT
2026-05-01 11:51:18 | DEBUG    | validators | Side validated: BUY
2026-05-01 11:51:18 | DEBUG    | validators | Order type validated: LIMIT
2026-05-01 11:51:18 | DEBUG    | validators | Quantity validated: 0.001
2026-05-01 11:51:18 | DEBUG    | validators | Leverage validated: 10x
2026-05-01 11:51:18 | DEBUG    | validators | Price validated: 50000.0
2026-05-01 11:51:18 | INFO     | cli | Validated inputs: {'symbol': 'BTCUSDT', 'side': 'BUY', 'order_type': 'LIMIT', 'quantity': 0.001, 'leverage': 10, 'price': 50000.0}
2026-05-01 11:51:19 | INFO     | client | Binance Futures Testnet client initialized successfully.
2026-05-01 11:51:19 | INFO     | orders | Setting leverage | symbol=BTCUSDT leverage=10x
2026-05-01 11:51:20 | DEBUG    | orders | Leverage response: {'symbol': 'BTCUSDT', 'leverage': 10, 'maxNotionalValue': '40000000'}
2026-05-01 11:51:20 | INFO     | orders | Leverage set to 10x for BTCUSDT
2026-05-01 11:51:20 | INFO     | orders | Placing LIMIT order | symbol=BTCUSDT side=BUY qty=0.001 price=50000.0
2026-05-01 11:51:20 | DEBUG    | orders | LIMIT order raw response: {'orderId': 13096372634, 'symbol': 'BTCUSDT', 'status': 'NEW', 'clientOrderId': 'P7TWP84WZuHtIj7AeqFEWi', 'price': '50000.00', 'avgPrice': '0.00', 'origQty': '0.0010', 'executedQty': '0.0000', 'cumQty': '0.0000', 'cumQuote': '0.000000', 'timeInForce': 'GTC', 'type': 'LIMIT', 'reduceOnly': False, 'closePosition': False, 'side': 'BUY', 'positionSide': 'BOTH', 'stopPrice': '0.00', 'workingType': 'CONTRACT_PRICE', 'priceProtect': False, 'origType': 'LIMIT', 'priceMatch': 'NONE', 'selfTradePreventionMode': 'EXPIRE_MAKER', 'goodTillDate': 0, 'updateTime': 1777636280094}
2026-05-01 11:51:20 | INFO     | cli | Order placed successfully: {'orderId': 13096372634, 'symbol': 'BTCUSDT', 'side': 'BUY', 'type': 'LIMIT', 'status': 'NEW', 'executedQty': '0.0000', 'avgPrice': '0.00', 'price': '50000.00', 'origQty': '0.0010', 'timeInForce': 'GTC'}
2026-05-01 11:51:20 | INFO     | cli | --------------------------------------------------------------------------------------------------------------------------------------------------------------------------------------------------------
